#
# There is insufficient memory for the Java Runtime Environment to continue.
# Native memory allocation (malloc) failed to allocate 363376 bytes for Chunk::new
# Possible reasons:
#   The system is out of physical RAM or swap space
#   The process is running with CompressedOops enabled, and the Java Heap may be blocking the growth of the native heap
# Possible solutions:
#   Reduce memory load on the system
#   Increase physical memory or swap space
#   Check if swap backing store is full
#   Decrease Java heap size (-Xmx/-Xms)
#   Decrease number of Java threads
#   Decrease Java thread stack sizes (-Xss)
#   Set larger code cache with -XX:ReservedCodeCacheSize=
#   JVM is running with Unscaled Compressed Oops mode in which the Java heap is
#     placed in the first 4GB address space. The Java Heap base address is the
#     maximum limit for the native heap growth. Please use -XX:HeapBaseMinAddress
#     to set the Java Heap base and to place the Java Heap above 4GB virtual address.
# This output file may be truncated or incomplete.
#
#  Out of Memory Error (arena.cpp:184), pid=11956, tid=8796
#
# JRE version: Java(TM) SE Runtime Environment (20.0.1+9) (build 20.0.1+9-29)
# Java VM: Java HotSpot(TM) 64-Bit Server VM (20.0.1+9-29, mixed mode, sharing, tiered, compressed oops, compressed class ptrs, g1 gc, windows-amd64)
# No core dump will be written. Minidumps are not enabled by default on client versions of Windows
#

---------------  S U M M A R Y ------------

Command Line: -javaagent:C:\IntelliJ IDEA Community Edition 2023.1.1\lib\idea_rt.jar=58157:C:\IntelliJ IDEA Community Edition 2023.1.1\bin -Dfile.encoding=UTF-8 -Dsun.stdout.encoding=UTF-8 -Dsun.stderr.encoding=UTF-8 com.blissense.evaluationform.EvaluationFormApplication

Host: Intel(R) Celeron(R) N4020 CPU @ 1.10GHz, 2 cores, 7G,  Windows 11 , 64 bit Build 22621 (10.0.22621.3085)
Time: Sun Mar  3 23:30:01 2024 Sri Lanka Standard Time elapsed time: 66.509796 seconds (0d 0h 1m 6s)

---------------  T H R E A D  ---------------

Current thread (0x00000121b30f9170):  JavaThread "C2 CompilerThread0" daemon [_thread_in_native, id=8796, stack(0x00000020dd200000,0x00000020dd300000)]


Current CompileTask:
C2:  66509 3934       4       java.net.URLStreamHandler::parseURL (1124 bytes)

Stack: [0x00000020dd200000,0x00000020dd300000]
Native frames: (J=compiled Java code, j=interpreted, Vv=VM code, C=native code)
V  [jvm.dll+0x6bb95a]
V  [jvm.dll+0x8485fa]
V  [jvm.dll+0x84a1f5]
V  [jvm.dll+0x84a8f3]
V  [jvm.dll+0x280b0f]
V  [jvm.dll+0xc2b11]
V  [jvm.dll+0xc2e35]
V  [jvm.dll+0x3bb142]
V  [jvm.dll+0x1e6c43]
V  [jvm.dll+0x24b3ab]
V  [jvm.dll+0x24a651]
V  [jvm.dll+0x1ce491]
V  [jvm.dll+0x259e1b]
V  [jvm.dll+0x2584f0]
V  [jvm.dll+0x3f2895]
V  [jvm.dll+0x7f4b56]
V  [jvm.dll+0x6ba5cb]
C  [ucrtbase.dll+0x29363]
C  [KERNEL32.DLL+0x1257d]
C  [ntdll.dll+0x5aa58]


---------------  P R O C E S S  ---------------

Threads class SMR info:
_java_thread_list=0x00000121b7b9e9c0, length=16, elements={
0x0000012197519730, 0x00000121b30f07d0, 0x00000121b30f2780, 0x00000121b30f3720,
0x00000121b30f5270, 0x00000121b30f7bc0, 0x00000121b30f8500, 0x00000121b30f9170,
0x00000121b74086f0, 0x00000121b30b9080, 0x00000121b761a790, 0x00000121b75cdb80,
0x00000121b81486c0, 0x00000121b8149160, 0x00000121b8145c40, 0x00000121b8148c10
}

Java Threads: ( => current thread )
  0x0000012197519730 JavaThread "main" [_thread_in_native, id=6536, stack(0x00000020dc500000,0x00000020dc600000)]
  0x00000121b30f07d0 JavaThread "Reference Handler" daemon [_thread_blocked, id=5364, stack(0x00000020dcc00000,0x00000020dcd00000)]
  0x00000121b30f2780 JavaThread "Finalizer" daemon [_thread_blocked, id=8236, stack(0x00000020dcd00000,0x00000020dce00000)]
  0x00000121b30f3720 JavaThread "Signal Dispatcher" daemon [_thread_blocked, id=340, stack(0x00000020dce00000,0x00000020dcf00000)]
  0x00000121b30f5270 JavaThread "Attach Listener" daemon [_thread_blocked, id=15292, stack(0x00000020dcf00000,0x00000020dd000000)]
  0x00000121b30f7bc0 JavaThread "Service Thread" daemon [_thread_blocked, id=15064, stack(0x00000020dd000000,0x00000020dd100000)]
  0x00000121b30f8500 JavaThread "Monitor Deflation Thread" daemon [_thread_blocked, id=7620, stack(0x00000020dd100000,0x00000020dd200000)]
=>0x00000121b30f9170 JavaThread "C2 CompilerThread0" daemon [_thread_in_native, id=8796, stack(0x00000020dd200000,0x00000020dd300000)]
  0x00000121b74086f0 JavaThread "C1 CompilerThread0" daemon [_thread_blocked, id=12456, stack(0x00000020dd300000,0x00000020dd400000)]
  0x00000121b30b9080 JavaThread "Common-Cleaner" daemon [_thread_blocked, id=12908, stack(0x00000020dd400000,0x00000020dd500000)]
  0x00000121b761a790 JavaThread "Monitor Ctrl-Break" daemon [_thread_in_native, id=3584, stack(0x00000020dd600000,0x00000020dd700000)]
  0x00000121b75cdb80 JavaThread "Notification Thread" daemon [_thread_blocked, id=3428, stack(0x00000020dd700000,0x00000020dd800000)]
  0x00000121b81486c0 JavaThread "Catalina-utility-1" [_thread_blocked, id=12628, stack(0x00000020dd900000,0x00000020dda00000)]
  0x00000121b8149160 JavaThread "Catalina-utility-2" [_thread_blocked, id=10352, stack(0x00000020dda00000,0x00000020ddb00000)]
  0x00000121b8145c40 JavaThread "container-0" [_thread_blocked, id=9560, stack(0x00000020ddb00000,0x00000020ddc00000)]
  0x00000121b8148c10 JavaThread "mysql-cj-abandoned-connection-cleanup" daemon [_thread_blocked, id=14948, stack(0x00000020ddc00000,0x00000020ddd00000)]

Other Threads:
  0x00000121b30d1c60 VMThread "VM Thread" [stack: 0x00000020dcb00000,0x00000020dcc00000] [id=14132]
  0x00000121b75ce0d0 WatcherThread "VM Periodic Task Thread" [stack: 0x00000020dd800000,0x00000020dd900000] [id=9864]
  0x0000012197577c70 WorkerThread "GC Thread#0" [stack: 0x00000020dc600000,0x00000020dc700000] [id=13588]
  0x00000121b7645a30 WorkerThread "GC Thread#1" [stack: 0x00000020dd500000,0x00000020dd600000] [id=10388]
  0x0000012197588600 ConcurrentGCThread "G1 Main Marker" [stack: 0x00000020dc700000,0x00000020dc800000] [id=11440]
  0x00000121975891d0 WorkerThread "G1 Conc#0" [stack: 0x00000020dc800000,0x00000020dc900000] [id=13968]
  0x00000121b2f930d0 ConcurrentGCThread "G1 Refine#0" [stack: 0x00000020dc900000,0x00000020dca00000] [id=12100]
  0x00000121975caa20 ConcurrentGCThread "G1 Service" [stack: 0x00000020dca00000,0x00000020dcb00000] [id=5660]

Threads with active compile tasks:
C2 CompilerThread0    66906 3934       4       java.net.URLStreamHandler::parseURL (1124 bytes)

VM state: not at safepoint (normal execution)

VM Mutex/Monitor currently owned by a thread: None

OutOfMemory and StackOverflow Exception counts:
OutOfMemoryError java_heap_errors=3
LinkageErrors=103

Heap address: 0x0000000082c00000, size: 2004 MB, Compressed Oops mode: 32-bit

CDS archive(s) mapped at: [0x0000000800000000-0x0000000800c60000-0x0000000800c60000), size 12976128, SharedBaseAddress: 0x0000000800000000, ArchiveRelocationMode: 0.
Compressed class space mapped at: 0x0000000801000000-0x0000000841000000, reserved size: 1073741824
Narrow klass base: 0x0000000800000000, Narrow klass shift: 0, Narrow klass range: 0x100000000

GC Precious Log:
 CardTable entry size: 512
 Card Set container configuration: InlinePtr #cards 5 size 8 Array Of Cards #cards 12 size 40 Howl #buckets 4 coarsen threshold 1843 Howl Bitmap #cards 512 size 80 coarsen threshold 460 Card regions per heap region 1 cards per card region 2048
 CPUs: 2 total, 2 available
 Memory: 8014M
 Large Page Support: Disabled
 NUMA Support: Disabled
 Compressed Oops: Enabled (32-bit)
 Heap Region Size: 1M
 Heap Min Capacity: 8M
 Heap Initial Capacity: 126M
 Heap Max Capacity: 2004M
 Pre-touch: Disabled
 Parallel Workers: 2
 Concurrent Workers: 1
 Concurrent Refinement Workers: 2
 Periodic GC: Disabled

Heap:
 garbage-first heap   total 48128K, used 25724K [0x0000000082c00000, 0x0000000100000000)
  region size 1024K, 11 young (11264K), 2 survivors (2048K)
 Metaspace       used 32864K, committed 33408K, reserved 1114112K
  class space    used 4149K, committed 4416K, reserved 1048576K

Heap Regions: E=young(eden), S=young(survivor), O=old, HS=humongous(starts), HC=humongous(continues), CS=collection set, F=free, OA=open archive, CA=closed archive, TAMS=top-at-mark-start, PB=parsable bottom
|   0|0x0000000082c00000, 0x0000000082d00000, 0x0000000082d00000|100%|HS|  |TAMS 0x0000000082c00000| PB 0x0000000082c00000| Complete 
|   1|0x0000000082d00000, 0x0000000082e00000, 0x0000000082e00000|100%| O|  |TAMS 0x0000000082d00000| PB 0x0000000082d00000| Untracked 
|   2|0x0000000082e00000, 0x0000000082f00000, 0x0000000082f00000|100%| O|  |TAMS 0x0000000082e00000| PB 0x0000000082e00000| Untracked 
|   3|0x0000000082f00000, 0x0000000083000000, 0x0000000083000000|100%| O|  |TAMS 0x0000000082f00000| PB 0x0000000082f00000| Untracked 
|   4|0x0000000083000000, 0x0000000083100000, 0x0000000083100000|100%| O|  |TAMS 0x0000000083000000| PB 0x0000000083000000| Untracked 
|   5|0x0000000083100000, 0x0000000083200000, 0x0000000083200000|100%| O|  |TAMS 0x0000000083100000| PB 0x0000000083100000| Untracked 
|   6|0x0000000083200000, 0x0000000083200000, 0x0000000083300000|  0%| F|  |TAMS 0x0000000083200000| PB 0x0000000083200000| Untracked 
|   7|0x0000000083300000, 0x0000000083400000, 0x0000000083400000|100%| O|  |TAMS 0x0000000083300000| PB 0x0000000083300000| Untracked 
|   8|0x0000000083400000, 0x0000000083500000, 0x0000000083500000|100%| O|  |TAMS 0x0000000083400000| PB 0x0000000083400000| Untracked 
|   9|0x0000000083500000, 0x0000000083600000, 0x0000000083600000|100%| O|  |TAMS 0x0000000083500000| PB 0x0000000083500000| Untracked 
|  10|0x0000000083600000, 0x0000000083700000, 0x0000000083700000|100%| O|  |TAMS 0x0000000083600000| PB 0x0000000083600000| Untracked 
|  11|0x0000000083700000, 0x0000000083800000, 0x0000000083800000|100%| O|  |TAMS 0x0000000083700000| PB 0x0000000083700000| Untracked 
|  12|0x0000000083800000, 0x0000000083900000, 0x0000000083900000|100%| O|  |TAMS 0x0000000083800000| PB 0x0000000083800000| Untracked 
|  13|0x0000000083900000, 0x0000000083a00000, 0x0000000083a00000|100%| O|  |TAMS 0x0000000083900000| PB 0x0000000083900000| Untracked 
|  14|0x0000000083a00000, 0x0000000083b00000, 0x0000000083b00000|100%| O|  |TAMS 0x0000000083a00000| PB 0x0000000083a00000| Untracked 
|  15|0x0000000083b00000, 0x0000000083c00000, 0x0000000083c00000|100%| O|  |TAMS 0x0000000083b00000| PB 0x0000000083b00000| Untracked 
|  16|0x0000000083c00000, 0x0000000083c00000, 0x0000000083d00000|  0%| F|  |TAMS 0x0000000083c00000| PB 0x0000000083c00000| Untracked 
|  17|0x0000000083d00000, 0x0000000083d00000, 0x0000000083e00000|  0%| F|  |TAMS 0x0000000083d00000| PB 0x0000000083d00000| Untracked 
|  18|0x0000000083e00000, 0x0000000083e00000, 0x0000000083f00000|  0%| F|  |TAMS 0x0000000083e00000| PB 0x0000000083e00000| Untracked 
|  19|0x0000000083f00000, 0x0000000083f78800, 0x0000000084000000| 47%| O|  |TAMS 0x0000000083f00000| PB 0x0000000083f00000| Untracked 
|  20|0x0000000084000000, 0x0000000084000000, 0x0000000084100000|  0%| F|  |TAMS 0x0000000084000000| PB 0x0000000084000000| Untracked 
|  21|0x0000000084100000, 0x0000000084100000, 0x0000000084200000|  0%| F|  |TAMS 0x0000000084100000| PB 0x0000000084100000| Untracked 
|  22|0x0000000084200000, 0x0000000084200000, 0x0000000084300000|  0%| F|  |TAMS 0x0000000084200000| PB 0x0000000084200000| Untracked 
|  23|0x0000000084300000, 0x0000000084300000, 0x0000000084400000|  0%| F|  |TAMS 0x0000000084300000| PB 0x0000000084300000| Untracked 
|  24|0x0000000084400000, 0x00000000844a6bd0, 0x0000000084500000| 65%| S|CS|TAMS 0x0000000084400000| PB 0x0000000084400000| Complete 
|  25|0x0000000084500000, 0x0000000084600000, 0x0000000084600000|100%| S|CS|TAMS 0x0000000084500000| PB 0x0000000084500000| Complete 
|  26|0x0000000084600000, 0x0000000084600000, 0x0000000084700000|  0%| F|  |TAMS 0x0000000084600000| PB 0x0000000084600000| Untracked 
|  27|0x0000000084700000, 0x0000000084700000, 0x0000000084800000|  0%| F|  |TAMS 0x0000000084700000| PB 0x0000000084700000| Untracked 
|  28|0x0000000084800000, 0x0000000084800000, 0x0000000084900000|  0%| F|  |TAMS 0x0000000084800000| PB 0x0000000084800000| Untracked 
|  29|0x0000000084900000, 0x0000000084900000, 0x0000000084a00000|  0%| F|  |TAMS 0x0000000084900000| PB 0x0000000084900000| Untracked 
|  30|0x0000000084a00000, 0x0000000084a00000, 0x0000000084b00000|  0%| F|  |TAMS 0x0000000084a00000| PB 0x0000000084a00000| Untracked 
|  31|0x0000000084b00000, 0x0000000084b00000, 0x0000000084c00000|  0%| F|  |TAMS 0x0000000084b00000| PB 0x0000000084b00000| Untracked 
|  32|0x0000000084c00000, 0x0000000084c00000, 0x0000000084d00000|  0%| F|  |TAMS 0x0000000084c00000| PB 0x0000000084c00000| Untracked 
|  33|0x0000000084d00000, 0x0000000084d00000, 0x0000000084e00000|  0%| F|  |TAMS 0x0000000084d00000| PB 0x0000000084d00000| Untracked 
|  34|0x0000000084e00000, 0x0000000084e00000, 0x0000000084f00000|  0%| F|  |TAMS 0x0000000084e00000| PB 0x0000000084e00000| Untracked 
|  35|0x0000000084f00000, 0x0000000084f00000, 0x0000000085000000|  0%| F|  |TAMS 0x0000000084f00000| PB 0x0000000084f00000| Untracked 
|  36|0x0000000085000000, 0x0000000085000000, 0x0000000085100000|  0%| F|  |TAMS 0x0000000085000000| PB 0x0000000085000000| Untracked 
|  37|0x0000000085100000, 0x0000000085100000, 0x0000000085200000|  0%| F|  |TAMS 0x0000000085100000| PB 0x0000000085100000| Untracked 
|  38|0x0000000085200000, 0x0000000085267fe8, 0x0000000085300000| 40%| E|  |TAMS 0x0000000085200000| PB 0x0000000085200000| Complete 
|  39|0x0000000085300000, 0x0000000085400000, 0x0000000085400000|100%| E|CS|TAMS 0x0000000085300000| PB 0x0000000085300000| Complete 
|  79|0x0000000087b00000, 0x0000000087c00000, 0x0000000087c00000|100%| E|CS|TAMS 0x0000000087b00000| PB 0x0000000087b00000| Complete 
|  80|0x0000000087c00000, 0x0000000087d00000, 0x0000000087d00000|100%| E|CS|TAMS 0x0000000087c00000| PB 0x0000000087c00000| Complete 
|  81|0x0000000087d00000, 0x0000000087e00000, 0x0000000087e00000|100%| E|CS|TAMS 0x0000000087d00000| PB 0x0000000087d00000| Complete 
|  82|0x0000000087e00000, 0x0000000087f00000, 0x0000000087f00000|100%| E|CS|TAMS 0x0000000087e00000| PB 0x0000000087e00000| Complete 
|  88|0x0000000088400000, 0x0000000088500000, 0x0000000088500000|100%| E|CS|TAMS 0x0000000088400000| PB 0x0000000088400000| Complete 
|  89|0x0000000088500000, 0x0000000088600000, 0x0000000088600000|100%| E|CS|TAMS 0x0000000088500000| PB 0x0000000088500000| Complete 
|  90|0x0000000088600000, 0x0000000088700000, 0x0000000088700000|100%| E|CS|TAMS 0x0000000088600000| PB 0x0000000088600000| Complete 

Card table byte_map: [0x00000121ae5c0000,0x00000121ae9b0000] _byte_map_base: 0x00000121ae1aa000

Marking Bits: (CMBitMap*) 0x00000121975782a0
 Bits: [0x00000121aeda0000, 0x00000121b0cf0000)

Polling page: 0x0000012195690000

Metaspace:

Usage:
  Non-class:     28.04 MB used.
      Class:      4.05 MB used.
       Both:     32.09 MB used.

Virtual space:
  Non-class space:       64.00 MB reserved,      28.31 MB ( 44%) committed,  1 nodes.
      Class space:        1.00 GB reserved,       4.31 MB ( <1%) committed,  1 nodes.
             Both:        1.06 GB reserved,      32.62 MB (  3%) committed. 

Chunk freelists:
   Non-Class:  3.30 MB
       Class:  3.65 MB
        Both:  6.95 MB

MaxMetaspaceSize: unlimited
CompressedClassSpaceSize: 1.00 GB
Initial GC threshold: 21.00 MB
Current GC threshold: 35.12 MB
CDS: on
MetaspaceReclaimPolicy: balanced
 - commit_granule_bytes: 65536.
 - commit_granule_words: 8192.
 - virtual_space_node_default_size: 8388608.
 - enlarge_chunks_in_place: 1.
 - new_chunks_are_fully_committed: 0.
 - uncommit_free_chunks: 1.
 - use_allocation_guard: 0.


Internal statistics:

num_allocs_failed_limit: 3.
num_arena_births: 688.
num_arena_deaths: 0.
num_vsnodes_births: 2.
num_vsnodes_deaths: 0.
num_space_committed: 523.
num_space_uncommitted: 0.
num_chunks_returned_to_freelist: 3.
num_chunks_taken_from_freelist: 1872.
num_chunk_merges: 3.
num_chunk_splits: 1284.
num_chunks_enlarged: 902.
num_inconsistent_stats: 0.

CodeHeap 'non-profiled nmethods': size=120064Kb used=2074Kb max_used=2074Kb free=117989Kb
 bounds [0x00000121a7080000, 0x00000121a72f0000, 0x00000121ae5c0000]
CodeHeap 'profiled nmethods': size=120000Kb used=8303Kb max_used=8303Kb free=111696Kb
 bounds [0x000001219f5c0000, 0x000001219fde0000, 0x00000121a6af0000]
CodeHeap 'non-nmethods': size=5696Kb used=1547Kb max_used=1569Kb free=4148Kb
 bounds [0x00000121a6af0000, 0x00000121a6d60000, 0x00000121a7080000]
 total_blobs=4499 nmethods=3938 adapters=471
 compilation: enabled
              stopped_count=0, restarted_count=0
 full_count=0

Compilation events (20 events):
Event: 65.282 Thread 0x00000121b74086f0 nmethod 3924 0x000001219fdd1410 code [0x000001219fdd15a0, 0x000001219fdd1698]
Event: 65.419 Thread 0x00000121b74086f0 3925       3       java.lang.invoke.MethodHandles::insertArgumentsChecks (51 bytes)
Event: 65.420 Thread 0x00000121b74086f0 nmethod 3925 0x000001219fdd1710 code [0x000001219fdd18e0, 0x000001219fdd1dd0]
Event: 65.429 Thread 0x00000121b74086f0 3926       3       java.lang.ClassLoader::getResource (41 bytes)
Event: 65.429 Thread 0x00000121b74086f0 nmethod 3926 0x000001219fdd2010 code [0x000001219fdd2200, 0x000001219fdd27f8]
Event: 65.452 Thread 0x00000121b74086f0 3927       3       java.lang.invoke.StringConcatFactory::parseRecipe (213 bytes)
Event: 65.454 Thread 0x00000121b74086f0 nmethod 3927 0x000001219fdd2990 code [0x000001219fdd2d20, 0x000001219fdd4760]
Event: 65.522 Thread 0x00000121b30f9170 3928       4       jdk.internal.org.objectweb.asm.ByteVector::putByteArray (49 bytes)
Event: 65.524 Thread 0x00000121b30f9170 nmethod 3928 0x00000121a7284090 code [0x00000121a7284200, 0x00000121a7284358]
Event: 65.639 Thread 0x00000121b30f9170 3929 %     4       java.util.jar.JarFile::match @ 14 (132 bytes)
Event: 65.646 Thread 0x00000121b30f9170 nmethod 3929% 0x00000121a7284490 code [0x00000121a7284620, 0x00000121a7284a08]
Event: 65.646 Thread 0x00000121b30f9170 3930       4       java.util.jar.JarFile::match (132 bytes)
Event: 65.651 Thread 0x00000121b30f9170 nmethod 3930 0x00000121a7284d10 code [0x00000121a7284e80, 0x00000121a72851a0]
Event: 65.653 Thread 0x00000121b74086f0 3931   !   3       java.util.zip.ZipFile::getManifestName (61 bytes)
Event: 65.653 Thread 0x00000121b74086f0 nmethod 3931 0x000001219fdd5310 code [0x000001219fdd54c0, 0x000001219fdd5868]
Event: 65.654 Thread 0x00000121b30f9170 3932       4       jdk.internal.loader.BuiltinClassLoader::loadClassOrNull (7 bytes)
Event: 65.658 Thread 0x00000121b30f9170 nmethod 3932 0x00000121a7285410 code [0x00000121a72855a0, 0x00000121a72857b0]
Event: 66.312 Thread 0x00000121b30f9170 3933       4       java.io.WinNTFileSystem::prefixLength (91 bytes)
Event: 66.317 Thread 0x00000121b30f9170 nmethod 3933 0x00000121a7285a10 code [0x00000121a7285ba0, 0x00000121a7285ec0]
Event: 66.319 Thread 0x00000121b30f9170 3934       4       java.net.URLStreamHandler::parseURL (1124 bytes)

GC Heap History (14 events):
Event: 3.708 GC heap before
{Heap before GC invocations=0 (full 0):
 garbage-first heap   total 129024K, used 6144K [0x0000000082c00000, 0x0000000100000000)
  region size 1024K, 6 young (6144K), 0 survivors (0K)
 Metaspace       used 396K, committed 576K, reserved 1114112K
  class space    used 17K, committed 128K, reserved 1048576K
}
Event: 3.713 GC heap after
{Heap after GC invocations=1 (full 0):
 garbage-first heap   total 129024K, used 5232K [0x0000000082c00000, 0x0000000100000000)
  region size 1024K, 1 young (1024K), 1 survivors (1024K)
 Metaspace       used 396K, committed 576K, reserved 1114112K
  class space    used 17K, committed 128K, reserved 1048576K
}
Event: 8.804 GC heap before
{Heap before GC invocations=1 (full 0):
 garbage-first heap   total 129024K, used 10352K [0x0000000082c00000, 0x0000000100000000)
  region size 1024K, 6 young (6144K), 1 survivors (1024K)
 Metaspace       used 3058K, committed 3264K, reserved 1114112K
  class space    used 282K, committed 384K, reserved 1048576K
}
Event: 8.809 GC heap after
{Heap after GC invocations=2 (full 0):
 garbage-first heap   total 129024K, used 6665K [0x0000000082c00000, 0x0000000100000000)
  region size 1024K, 1 young (1024K), 1 survivors (1024K)
 Metaspace       used 3058K, committed 3264K, reserved 1114112K
  class space    used 282K, committed 384K, reserved 1048576K
}
Event: 11.703 GC heap before
{Heap before GC invocations=2 (full 0):
 garbage-first heap   total 129024K, used 14857K [0x0000000082c00000, 0x0000000100000000)
  region size 1024K, 9 young (9216K), 1 survivors (1024K)
 Metaspace       used 5995K, committed 6208K, reserved 1114112K
  class space    used 664K, committed 768K, reserved 1048576K
}
Event: 11.709 GC heap after
{Heap after GC invocations=3 (full 0):
 garbage-first heap   total 129024K, used 7454K [0x0000000082c00000, 0x0000000100000000)
  region size 1024K, 2 young (2048K), 2 survivors (2048K)
 Metaspace       used 5995K, committed 6208K, reserved 1114112K
  class space    used 664K, committed 768K, reserved 1048576K
}
Event: 30.291 GC heap before
{Heap before GC invocations=3 (full 0):
 garbage-first heap   total 129024K, used 43294K [0x0000000082c00000, 0x0000000100000000)
  region size 1024K, 38 young (38912K), 2 survivors (2048K)
 Metaspace       used 16250K, committed 16576K, reserved 1114112K
  class space    used 1956K, committed 2112K, reserved 1048576K
}
Event: 30.305 GC heap after
{Heap after GC invocations=4 (full 0):
 garbage-first heap   total 129024K, used 10639K [0x0000000082c00000, 0x0000000100000000)
  region size 1024K, 5 young (5120K), 5 survivors (5120K)
 Metaspace       used 16250K, committed 16576K, reserved 1114112K
  class space    used 1956K, committed 2112K, reserved 1048576K
}
Event: 48.640 GC heap before
{Heap before GC invocations=4 (full 0):
 garbage-first heap   total 129024K, used 45455K [0x0000000082c00000, 0x0000000100000000)
  region size 1024K, 40 young (40960K), 5 survivors (5120K)
 Metaspace       used 21202K, committed 21504K, reserved 1114112K
  class space    used 2524K, committed 2688K, reserved 1048576K
}
Event: 48.657 GC heap after
{Heap after GC invocations=5 (full 0):
 garbage-first heap   total 129024K, used 13872K [0x0000000082c00000, 0x0000000100000000)
  region size 1024K, 7 young (7168K), 7 survivors (7168K)
 Metaspace       used 21202K, committed 21504K, reserved 1114112K
  class space    used 2524K, committed 2688K, reserved 1048576K
}
Event: 57.219 GC heap before
{Heap before GC invocations=6 (full 0):
 garbage-first heap   total 48128K, used 35376K [0x0000000082c00000, 0x0000000100000000)
  region size 1024K, 28 young (28672K), 7 survivors (7168K)
 Metaspace       used 25837K, committed 26368K, reserved 1114112K
  class space    used 3191K, committed 3456K, reserved 1048576K
}
Event: 57.243 GC heap after
{Heap after GC invocations=7 (full 0):
 garbage-first heap   total 48128K, used 16204K [0x0000000082c00000, 0x0000000100000000)
  region size 1024K, 3 young (3072K), 3 survivors (3072K)
 Metaspace       used 25837K, committed 26368K, reserved 1114112K
  class space    used 3191K, committed 3456K, reserved 1048576K
}
Event: 64.307 GC heap before
{Heap before GC invocations=7 (full 0):
 garbage-first heap   total 48128K, used 37708K [0x0000000082c00000, 0x0000000100000000)
  region size 1024K, 24 young (24576K), 3 survivors (3072K)
 Metaspace       used 30484K, committed 31040K, reserved 1114112K
  class space    used 3781K, committed 4032K, reserved 1048576K
}
Event: 64.329 GC heap after
{Heap after GC invocations=8 (full 0):
 garbage-first heap   total 48128K, used 17532K [0x0000000082c00000, 0x0000000100000000)
  region size 1024K, 2 young (2048K), 2 survivors (2048K)
 Metaspace       used 30484K, committed 31040K, reserved 1114112K
  class space    used 3781K, committed 4032K, reserved 1048576K
}

Dll operation events (13 events):
Event: 0.178 Loaded shared library C:\Program Files\Java\jdk-20\bin\java.dll
Event: 0.193 Loaded shared library C:\Program Files\Java\jdk-20\bin\jsvml.dll
Event: 0.978 Loaded shared library C:\Program Files\Java\jdk-20\bin\zip.dll
Event: 1.064 Loaded shared library C:\Program Files\Java\jdk-20\bin\instrument.dll
Event: 1.113 Loaded shared library C:\Program Files\Java\jdk-20\bin\net.dll
Event: 1.116 Loaded shared library C:\Program Files\Java\jdk-20\bin\nio.dll
Event: 1.125 Loaded shared library C:\Program Files\Java\jdk-20\bin\zip.dll
Event: 4.016 Loaded shared library C:\IntelliJ IDEA Community Edition 2023.1.1\bin\breakgen64.dll
Event: 5.023 Loaded shared library C:\Program Files\Java\jdk-20\bin\extnet.dll
Event: 5.914 Loaded shared library C:\Program Files\Java\jdk-20\bin\jimage.dll
Event: 28.659 Loaded shared library C:\Program Files\Java\jdk-20\bin\sunmscapi.dll
Event: 58.426 Loaded shared library C:\Program Files\Java\jdk-20\bin\management.dll
Event: 58.478 Loaded shared library C:\Program Files\Java\jdk-20\bin\management_ext.dll

Deoptimization events (20 events):
Event: 60.530 Thread 0x0000012197519730 DEOPT PACKING pc=0x00000121a724cdbc sp=0x00000020dc5fd600
Event: 60.530 Thread 0x0000012197519730 DEOPT UNPACKING pc=0x00000121a6b59d1c sp=0x00000020dc5fd628 mode 2
Event: 60.530 Thread 0x0000012197519730 Uncommon trap: trap_request=0xffffffbe fr.pc=0x00000121a724cdbc relative=0x0000000000003d7c
Event: 60.530 Thread 0x0000012197519730 Uncommon trap: reason=profile_predicate action=maybe_recompile pc=0x00000121a724cdbc method=org.springframework.util.ReflectionUtils.doWithMethods(Ljava/lang/Class;Lorg/springframework/util/ReflectionUtils$MethodCallback;Lorg/springframework/util/Reflecti
Event: 60.530 Thread 0x0000012197519730 DEOPT PACKING pc=0x00000121a724cdbc sp=0x00000020dc5fd560
Event: 60.530 Thread 0x0000012197519730 DEOPT UNPACKING pc=0x00000121a6b59d1c sp=0x00000020dc5fd588 mode 2
Event: 60.530 Thread 0x0000012197519730 Uncommon trap: trap_request=0xffffffbe fr.pc=0x00000121a724cdbc relative=0x0000000000003d7c
Event: 60.530 Thread 0x0000012197519730 Uncommon trap: reason=profile_predicate action=maybe_recompile pc=0x00000121a724cdbc method=org.springframework.util.ReflectionUtils.doWithMethods(Ljava/lang/Class;Lorg/springframework/util/ReflectionUtils$MethodCallback;Lorg/springframework/util/Reflecti
Event: 60.530 Thread 0x0000012197519730 DEOPT PACKING pc=0x00000121a724cdbc sp=0x00000020dc5fd6c0
Event: 60.530 Thread 0x0000012197519730 DEOPT UNPACKING pc=0x00000121a6b59d1c sp=0x00000020dc5fd6d0 mode 2
Event: 62.878 Thread 0x0000012197519730 Uncommon trap: trap_request=0xffffff45 fr.pc=0x00000121a7272024 relative=0x0000000000000764
Event: 62.878 Thread 0x0000012197519730 Uncommon trap: reason=unstable_if action=reinterpret pc=0x00000121a7272024 method=java.lang.PublicMethods$MethodList.filter([Ljava/lang/reflect/Method;Ljava/lang/String;[Ljava/lang/Class;Z)Ljava/lang/PublicMethods$MethodList; @ 43 c2
Event: 62.878 Thread 0x0000012197519730 DEOPT PACKING pc=0x00000121a7272024 sp=0x00000020dc5fdd90
Event: 62.878 Thread 0x0000012197519730 DEOPT UNPACKING pc=0x00000121a6b59d1c sp=0x00000020dc5fdd40 mode 2
Event: 64.375 Thread 0x0000012197519730 Uncommon trap: trap_request=0xffffff45 fr.pc=0x00000121a718b508 relative=0x00000000000000e8
Event: 64.375 Thread 0x0000012197519730 Uncommon trap: reason=unstable_if action=reinterpret pc=0x00000121a718b508 method=java.lang.ClassLoader.getClassLoadingLock(Ljava/lang/String;)Ljava/lang/Object; @ 6 c2
Event: 64.375 Thread 0x0000012197519730 DEOPT PACKING pc=0x00000121a718b508 sp=0x00000020dc5fd990
Event: 64.375 Thread 0x0000012197519730 DEOPT UNPACKING pc=0x00000121a6b59d1c sp=0x00000020dc5fd920 mode 2
Event: 65.652 Thread 0x0000012197519730 DEOPT PACKING pc=0x000001219f613f24 sp=0x00000020dc5fe0b0
Event: 65.652 Thread 0x0000012197519730 DEOPT UNPACKING pc=0x00000121a6b5a4a3 sp=0x00000020dc5fd520 mode 0

Classes loaded (20 events):
Event: 62.817 Loading class javax/naming/Referenceable
Event: 62.833 Loading class javax/naming/Referenceable done
Event: 63.174 Loading class java/lang/instrument/ClassFileTransformer
Event: 63.174 Loading class java/lang/instrument/ClassFileTransformer done
Event: 64.434 Loading class java/util/UUID$Holder
Event: 64.462 Loading class java/util/UUID$Holder done
Event: 65.382 Loading class javax/xml/stream/XMLStreamException
Event: 65.382 Loading class javax/xml/stream/XMLStreamException done
Event: 65.384 Loading class javax/xml/stream/XMLResolver
Event: 65.384 Loading class javax/xml/stream/XMLResolver done
Event: 65.384 Loading class javax/xml/stream/XMLEventReader
Event: 65.396 Loading class javax/xml/stream/XMLEventReader done
Event: 65.431 Loading class javax/xml/stream/XMLEventFactory
Event: 65.434 Loading class javax/xml/stream/XMLEventFactory done
Event: 65.434 Loading class javax/xml/stream/FactoryFinder
Event: 65.443 Loading class javax/xml/stream/FactoryFinder done
Event: 65.486 Loading class javax/xml/stream/FactoryFinder$1
Event: 65.489 Loading class javax/xml/stream/FactoryFinder$1 done
Event: 65.507 Loading class com/sun/xml/internal/stream/events/XMLEventFactoryImpl
Event: 65.518 Loading class com/sun/xml/internal/stream/events/XMLEventFactoryImpl done

Classes unloaded (0 events):
No events

Classes redefined (0 events):
No events

Internal exceptions (20 events):
Event: 49.713 Thread 0x0000012197519730 Exception <a 'java/lang/NoSuchMethodError'{0x00000000849d4bb0}: 'java.lang.Object java.lang.invoke.DirectMethodHandle$Holder.invokeVirtual(java.lang.Object, java.lang.Object, java.lang.Object, java.lang.Object, java.lang.Object)'> (0x00000000849d4bb0) 
thrown [s\open\src\hotspot\share\interpreter\linkResolver.cpp, line 773]
Event: 51.708 Thread 0x0000012197519730 Exception <a 'java/lang/NoSuchMethodError'{0x000000008464e8f0}: 'java.lang.reflect.Field[] java.lang.Class.getDeclaredFields(java.lang.Class)'> (0x000000008464e8f0) 
thrown [s\open\src\hotspot\share\interpreter\linkResolver.cpp, line 773]
Event: 51.886 Thread 0x0000012197519730 Exception <a 'java/lang/NoSuchMethodError'{0x00000000846a2a28}: 'java.lang.Object java.lang.invoke.DirectMethodHandle$Holder.invokeVirtual(java.lang.Object, java.lang.Object, java.lang.Object, java.lang.Object, java.lang.Object, java.lang.Object)'> (0x00000000846a2a28) 
thrown [s\open\src\hotspot\share\interpreter\linkResolver.cpp, line 773]
Event: 53.400 Thread 0x0000012197519730 Exception <a 'java/lang/NoSuchMethodError'{0x00000000845c76a0}: 'void java.lang.invoke.DirectMethodHandle$Holder.invokeInterface(java.lang.Object, java.lang.Object, int)'> (0x00000000845c76a0) 
thrown [s\open\src\hotspot\share\interpreter\linkResolver.cpp, line 773]
Event: 53.676 Thread 0x0000012197519730 Exception <a 'java/lang/IncompatibleClassChangeError'{0x0000000084416e68}: Found class java.lang.Object, but interface was expected> (0x0000000084416e68) 
thrown [s\open\src\hotspot\share\interpreter\linkResolver.cpp, line 840]
Event: 53.708 Thread 0x0000012197519730 Exception <a 'java/lang/NoSuchMethodError'{0x0000000084427968}: 'int java.lang.invoke.DirectMethodHandle$Holder.invokeSpecialIFC(java.lang.Object, java.lang.Object, java.lang.Object)'> (0x0000000084427968) 
thrown [s\open\src\hotspot\share\interpreter\linkResolver.cpp, line 773]
Event: 53.714 Thread 0x0000012197519730 Exception <a 'java/lang/NoSuchMethodError'{0x00000000844354d0}: 'void java.lang.invoke.DirectMethodHandle$Holder.invokeStatic(java.lang.Object, int, java.lang.Object)'> (0x00000000844354d0) 
thrown [s\open\src\hotspot\share\interpreter\linkResolver.cpp, line 773]
Event: 53.872 Thread 0x0000012197519730 Exception <a 'java/lang/NoSuchMethodError'{0x0000000084472a48}: 'void java.lang.invoke.DirectMethodHandle$Holder.invokeStatic(java.lang.Object, java.lang.Object, java.lang.Object, int, java.lang.Object)'> (0x0000000084472a48) 
thrown [s\open\src\hotspot\share\interpreter\linkResolver.cpp, line 773]
Event: 53.884 Thread 0x0000012197519730 Exception <a 'java/lang/NoSuchMethodError'{0x0000000084479b80}: 'java.lang.Object java.lang.invoke.DirectMethodHandle$Holder.newInvokeSpecial(java.lang.Object, java.lang.Object, java.lang.Object, int)'> (0x0000000084479b80) 
thrown [s\open\src\hotspot\share\interpreter\linkResolver.cpp, line 773]
Event: 53.888 Thread 0x0000012197519730 Exception <a 'java/lang/NoSuchMethodError'{0x000000008447d970}: 'java.lang.Object java.lang.invoke.DirectMethodHandle$Holder.invokeSpecial(java.lang.Object, java.lang.Object, java.lang.Object, java.lang.Object, int)'> (0x000000008447d970) 
thrown [s\open\src\hotspot\share\interpreter\linkResolver.cpp, line 773]
Event: 54.005 Thread 0x0000012197519730 Exception <a 'java/lang/NoSuchMethodError'{0x0000000084481050}: 'java.lang.Object java.lang.invoke.Invokers$Holder.linkToTargetMethod(java.lang.Object, java.lang.Object, int, java.lang.Object)'> (0x0000000084481050) 
thrown [s\open\src\hotspot\share\interpreter\linkResolver.cpp, line 773]
Event: 56.609 Thread 0x0000012197519730 Exception <a 'java/lang/NoSuchMethodError'{0x0000000084041700}: 'java.lang.Object java.lang.invoke.DirectMethodHandle$Holder.invokeStaticInit(java.lang.Object, int, int, int, int)'> (0x0000000084041700) 
thrown [s\open\src\hotspot\share\interpreter\linkResolver.cpp, line 773]
Event: 56.802 Thread 0x0000012197519730 Exception <a 'java/lang/NoSuchMethodError'{0x0000000084093cd0}: 'java.lang.Object java.lang.invoke.DirectMethodHandle$Holder.invokeStaticInit(java.lang.Object, java.lang.Object, int, int, int, int)'> (0x0000000084093cd0) 
thrown [s\open\src\hotspot\share\interpreter\linkResolver.cpp, line 773]
Event: 58.015 Thread 0x0000012197519730 Exception <a 'java/lang/NoSuchMethodError'{0x000000008844dd40}: 'int java.lang.invoke.DirectMethodHandle$Holder.invokeVirtual(java.lang.Object, java.lang.Object, java.lang.Object, java.lang.Object)'> (0x000000008844dd40) 
thrown [s\open\src\hotspot\share\interpreter\linkResolver.cpp, line 773]
Event: 58.015 Thread 0x0000012197519730 Exception <a 'java/lang/NoSuchMethodError'{0x00000000884517a8}: 'int java.lang.invoke.DelegatingMethodHandle$Holder.reinvoke_L(java.lang.Object, java.lang.Object, java.lang.Object, java.lang.Object)'> (0x00000000884517a8) 
thrown [s\open\src\hotspot\share\interpreter\linkResolver.cpp, line 773]
Event: 58.677 Thread 0x0000012197519730 Exception <a 'java/io/FileNotFoundException'{0x0000000087d68ef0}> (0x0000000087d68ef0) 
thrown [s\open\src\hotspot\share\prims\jni.cpp, line 519]
Event: 58.843 Thread 0x0000012197519730 Exception <a 'java/lang/NoSuchMethodError'{0x0000000087ce76b8}: 'int java.lang.invoke.DirectMethodHandle$Holder.invokeInterface(java.lang.Object, java.lang.Object, java.lang.Object, java.lang.Object)'> (0x0000000087ce76b8) 
thrown [s\open\src\hotspot\share\interpreter\linkResolver.cpp, line 773]
Event: 59.226 Thread 0x0000012197519730 Exception <a 'java/lang/NoSuchMethodError'{0x00000000853b29f8}: 'long java.lang.invoke.DirectMethodHandle$Holder.invokeVirtual(java.lang.Object, java.lang.Object)'> (0x00000000853b29f8) 
thrown [s\open\src\hotspot\share\interpreter\linkResolver.cpp, line 773]
Event: 61.432 Thread 0x0000012197519730 Exception <a 'java/lang/NoSuchMethodError'{0x0000000084e7b478}: 'java.lang.Object java.lang.invoke.DirectMethodHandle$Holder.newInvokeSpecial(java.lang.Object, java.lang.Object, java.lang.Object, java.lang.Object, java.lang.Object, java.lang.Object, java.lang.Object, java.lang.Object, java.lang.Object, java.lang.Object, java.lang.Object)'> (0x0000000084e7b478) 
thrown [s\open\src\hotspot\share\interpreter\linkResolver.cpp, line 773]
Event: 63.577 Thread 0x0000012197519730 Exception <a 'java/lang/NoSuchMethodError'{0x0000000084bcde20}: 'void java.lang.invoke.DelegatingMethodHandle$Holder.reinvoke_L(java.lang.Object, java.lang.Object, java.lang.Object, java.lang.Object, int, java.lang.Object, java.lang.Object, java.lang.Object)'> (0x0000000084bcde20) 
thrown [s\open\src\hotspot\share\interpreter\linkResolver.cpp, line 773]

VM Operations (20 events):
Event: 58.885 Executing VM operation: HandshakeAllThreads done
Event: 59.273 Executing VM operation: HandshakeAllThreads
Event: 59.273 Executing VM operation: HandshakeAllThreads done
Event: 59.785 Executing VM operation: HandshakeAllThreads
Event: 59.872 Executing VM operation: HandshakeAllThreads done
Event: 59.874 Executing VM operation: Cleanup
Event: 59.881 Executing VM operation: Cleanup done
Event: 60.452 Executing VM operation: HandshakeAllThreads
Event: 60.452 Executing VM operation: HandshakeAllThreads done
Event: 61.467 Executing VM operation: Cleanup
Event: 61.467 Executing VM operation: Cleanup done
Event: 62.473 Executing VM operation: Cleanup
Event: 62.473 Executing VM operation: Cleanup done
Event: 63.488 Executing VM operation: Cleanup
Event: 63.488 Executing VM operation: Cleanup done
Event: 64.307 Executing VM operation: G1CollectForAllocation
Event: 64.329 Executing VM operation: G1CollectForAllocation done
Event: 65.337 Executing VM operation: Cleanup
Event: 65.337 Executing VM operation: Cleanup done
Event: 66.350 Executing VM operation: Cleanup

Events (20 events):
Event: 0.194 Thread 0x0000012197519730 Thread added: 0x0000012197519730
Event: 0.337 Thread 0x00000121b30f07d0 Thread added: 0x00000121b30f07d0
Event: 0.338 Thread 0x00000121b30f2780 Thread added: 0x00000121b30f2780
Event: 0.338 Thread 0x00000121b30f3720 Thread added: 0x00000121b30f3720
Event: 0.339 Thread 0x00000121b30f5270 Thread added: 0x00000121b30f5270
Event: 0.339 Thread 0x00000121b30f7bc0 Thread added: 0x00000121b30f7bc0
Event: 0.339 Thread 0x00000121b30f8500 Thread added: 0x00000121b30f8500
Event: 0.339 Thread 0x00000121b30f9170 Thread added: 0x00000121b30f9170
Event: 0.383 Thread 0x00000121b74086f0 Thread added: 0x00000121b74086f0
Event: 0.820 Thread 0x00000121b30b9080 Thread added: 0x00000121b30b9080
Event: 4.017 Thread 0x00000121b761a790 Thread added: 0x00000121b761a790
Event: 4.017 Thread 0x00000121b75cdb80 Thread added: 0x00000121b75cdb80
Event: 13.705 Thread 0x00000121b8271060 Thread added: 0x00000121b8271060
Event: 29.357 Thread 0x00000121b8271060 Thread exited: 0x00000121b8271060
Event: 36.276 Thread 0x00000121b8273ae0 Thread added: 0x00000121b8273ae0
Event: 44.399 Thread 0x00000121b8273ae0 Thread exited: 0x00000121b8273ae0
Event: 59.641 Thread 0x00000121b81486c0 Thread added: 0x00000121b81486c0
Event: 59.693 Thread 0x00000121b8149160 Thread added: 0x00000121b8149160
Event: 59.769 Thread 0x00000121b8145c40 Thread added: 0x00000121b8145c40
Event: 60.452 Thread 0x00000121b8148c10 Thread added: 0x00000121b8148c10


Dynamic libraries:
0x00007ff6102b0000 - 0x00007ff6102c0000 	C:\Program Files\Java\jdk-20\bin\java.exe
0x00007ffe67a30000 - 0x00007ffe67c47000 	C:\WINDOWS\SYSTEM32\ntdll.dll
0x00007ffe65cf0000 - 0x00007ffe65db4000 	C:\WINDOWS\System32\KERNEL32.DLL
0x00007ffe65140000 - 0x00007ffe654e6000 	C:\WINDOWS\System32\KERNELBASE.dll
0x00007ffe655a0000 - 0x00007ffe656b1000 	C:\WINDOWS\System32\ucrtbase.dll
0x00007ffe3eeb0000 - 0x00007ffe3eecb000 	C:\Program Files\Java\jdk-20\bin\VCRUNTIME140.dll
0x00007ffe3eed0000 - 0x00007ffe3eee9000 	C:\Program Files\Java\jdk-20\bin\jli.dll
0x00007ffe65c30000 - 0x00007ffe65ce3000 	C:\WINDOWS\System32\ADVAPI32.dll
0x00007ffe65b80000 - 0x00007ffe65c27000 	C:\WINDOWS\System32\msvcrt.dll
0x00007ffe65820000 - 0x00007ffe658c8000 	C:\WINDOWS\System32\sechost.dll
0x00007ffe654f0000 - 0x00007ffe65518000 	C:\WINDOWS\System32\bcrypt.dll
0x00007ffe65ed0000 - 0x00007ffe65fe7000 	C:\WINDOWS\System32\RPCRT4.dll
0x00007ffe67290000 - 0x00007ffe6743e000 	C:\WINDOWS\System32\USER32.dll
0x00007ffe65110000 - 0x00007ffe65136000 	C:\WINDOWS\System32\win32u.dll
0x00007ffe66f60000 - 0x00007ffe66f89000 	C:\WINDOWS\System32\GDI32.dll
0x00007ffe64de0000 - 0x00007ffe64ef8000 	C:\WINDOWS\System32\gdi32full.dll
0x00007ffe64f00000 - 0x00007ffe64f9a000 	C:\WINDOWS\System32\msvcp_win.dll
0x00007ffe51d30000 - 0x00007ffe51fc3000 	C:\WINDOWS\WinSxS\amd64_microsoft.windows.common-controls_6595b64144ccf1df_6.0.22621.2506_none_270c5ae97388e100\COMCTL32.dll
0x00007ffe5d430000 - 0x00007ffe5d43a000 	C:\WINDOWS\SYSTEM32\VERSION.dll
0x00007ffe661d0000 - 0x00007ffe66201000 	C:\WINDOWS\System32\IMM32.DLL
0x00007ffe4da50000 - 0x00007ffe4da5c000 	C:\Program Files\Java\jdk-20\bin\vcruntime140_1.dll
0x00007ffe14b00000 - 0x00007ffe14b8e000 	C:\Program Files\Java\jdk-20\bin\msvcp140.dll
0x00007ffe096a0000 - 0x00007ffe0a337000 	C:\Program Files\Java\jdk-20\bin\server\jvm.dll
0x00007ffe5dea0000 - 0x00007ffe5ded4000 	C:\WINDOWS\SYSTEM32\WINMM.dll
0x00007ffe53470000 - 0x00007ffe53479000 	C:\WINDOWS\SYSTEM32\WSOCK32.dll
0x00007ffe657a0000 - 0x00007ffe65811000 	C:\WINDOWS\System32\WS2_32.dll
0x00007ffe63cf0000 - 0x00007ffe63d08000 	C:\WINDOWS\SYSTEM32\kernel.appcore.dll
0x00007ffe4d460000 - 0x00007ffe4d46a000 	C:\Program Files\Java\jdk-20\bin\jimage.dll
0x00007ffe62730000 - 0x00007ffe62963000 	C:\WINDOWS\SYSTEM32\DBGHELP.DLL
0x00007ffe66210000 - 0x00007ffe66599000 	C:\WINDOWS\System32\combase.dll
0x00007ffe65920000 - 0x00007ffe659f7000 	C:\WINDOWS\System32\OLEAUT32.dll
0x00007ffe52cb0000 - 0x00007ffe52ce2000 	C:\WINDOWS\SYSTEM32\dbgcore.DLL
0x00007ffe65520000 - 0x00007ffe6559a000 	C:\WINDOWS\System32\bcryptPrimitives.dll
0x00007ffe4c930000 - 0x00007ffe4c93e000 	C:\Program Files\Java\jdk-20\bin\instrument.dll
0x00007ffe3ed20000 - 0x00007ffe3ed46000 	C:\Program Files\Java\jdk-20\bin\java.dll
0x00007ffe14950000 - 0x00007ffe14a27000 	C:\Program Files\Java\jdk-20\bin\jsvml.dll
0x00007ffe66700000 - 0x00007ffe66f5b000 	C:\WINDOWS\System32\SHELL32.dll
0x00007ffe62cd0000 - 0x00007ffe635c6000 	C:\WINDOWS\SYSTEM32\windows.storage.dll
0x00007ffe62b90000 - 0x00007ffe62cce000 	C:\WINDOWS\SYSTEM32\wintypes.dll
0x00007ffe65a00000 - 0x00007ffe65af3000 	C:\WINDOWS\System32\SHCORE.dll
0x00007ffe65b00000 - 0x00007ffe65b5e000 	C:\WINDOWS\System32\shlwapi.dll
0x00007ffe64ca0000 - 0x00007ffe64cc6000 	C:\WINDOWS\SYSTEM32\profapi.dll
0x00007ffe32d90000 - 0x00007ffe32da8000 	C:\Program Files\Java\jdk-20\bin\zip.dll
0x00007ffe3ed70000 - 0x00007ffe3ed83000 	C:\Program Files\Java\jdk-20\bin\net.dll
0x00007ffe5cfb0000 - 0x00007ffe5d0e7000 	C:\WINDOWS\SYSTEM32\WINHTTP.dll
0x00007ffe64320000 - 0x00007ffe64389000 	C:\WINDOWS\system32\mswsock.dll
0x00007ffe35b70000 - 0x00007ffe35b86000 	C:\Program Files\Java\jdk-20\bin\nio.dll
0x00007ffe3f060000 - 0x00007ffe3f07a000 	C:\IntelliJ IDEA Community Edition 2023.1.1\bin\breakgen64.dll
0x00007ffe4d3d0000 - 0x00007ffe4d3d7000 	C:\Program Files\Java\jdk-20\bin\extnet.dll
0x00007ffe497a0000 - 0x00007ffe497ae000 	C:\Program Files\Java\jdk-20\bin\sunmscapi.dll
0x00007ffe64fa0000 - 0x00007ffe65106000 	C:\WINDOWS\System32\CRYPT32.dll
0x00007ffe64710000 - 0x00007ffe6473e000 	C:\WINDOWS\SYSTEM32\ncrypt.dll
0x00007ffe646d0000 - 0x00007ffe64707000 	C:\WINDOWS\SYSTEM32\NTASN1.dll
0x00007ffe64580000 - 0x00007ffe6459b000 	C:\WINDOWS\SYSTEM32\CRYPTSP.dll
0x00007ffe63e20000 - 0x00007ffe63e55000 	C:\WINDOWS\system32\rsaenh.dll
0x00007ffe64410000 - 0x00007ffe6443c000 	C:\WINDOWS\SYSTEM32\USERENV.dll
0x00007ffe64570000 - 0x00007ffe6457c000 	C:\WINDOWS\SYSTEM32\CRYPTBASE.dll
0x00007ffe63820000 - 0x00007ffe6384d000 	C:\WINDOWS\SYSTEM32\IPHLPAPI.DLL
0x00007ffe65ff0000 - 0x00007ffe65ff9000 	C:\WINDOWS\System32\NSI.dll
0x00007ffe5cf10000 - 0x00007ffe5cf29000 	C:\WINDOWS\SYSTEM32\dhcpcsvc6.DLL
0x00007ffe5cef0000 - 0x00007ffe5cf0f000 	C:\WINDOWS\SYSTEM32\dhcpcsvc.DLL
0x00007ffe63850000 - 0x00007ffe63949000 	C:\WINDOWS\SYSTEM32\DNSAPI.dll
0x00007ffe4b380000 - 0x00007ffe4b38a000 	C:\Program Files\Java\jdk-20\bin\management.dll
0x00007ffe4adf0000 - 0x00007ffe4adfb000 	C:\Program Files\Java\jdk-20\bin\management_ext.dll
0x00007ffe65b60000 - 0x00007ffe65b68000 	C:\WINDOWS\System32\PSAPI.DLL
0x00007ffe4cac0000 - 0x00007ffe4cad0000 	C:\Program Files\Java\jdk-20\bin\verify.dll

dbghelp: loaded successfully - version: 4.0.5 - missing functions: none
symbol engine: initialized successfully - sym options: 0x614 - pdb path: .;C:\Program Files\Java\jdk-20\bin;C:\WINDOWS\SYSTEM32;C:\WINDOWS\WinSxS\amd64_microsoft.windows.common-controls_6595b64144ccf1df_6.0.22621.2506_none_270c5ae97388e100;C:\Program Files\Java\jdk-20\bin\server;C:\IntelliJ IDEA Community Edition 2023.1.1\bin

VM Arguments:
jvm_args: -javaagent:C:\IntelliJ IDEA Community Edition 2023.1.1\lib\idea_rt.jar=58157:C:\IntelliJ IDEA Community Edition 2023.1.1\bin -Dfile.encoding=UTF-8 -Dsun.stdout.encoding=UTF-8 -Dsun.stderr.encoding=UTF-8 
java_command: com.blissense.evaluationform.EvaluationFormApplication
java_class_path (initial): C:\Users\Hasmithan\Desktop\BlisSense\EvaluationFormBackend\target\classes;C:\Users\Hasmithan\.m2\repository\org\springframework\boot\spring-boot-starter-web\3.2.3\spring-boot-starter-web-3.2.3.jar;C:\Users\Hasmithan\.m2\repository\org\springframework\boot\spring-boot-starter\3.2.3\spring-boot-starter-3.2.3.jar;C:\Users\Hasmithan\.m2\repository\org\springframework\boot\spring-boot\3.2.3\spring-boot-3.2.3.jar;C:\Users\Hasmithan\.m2\repository\org\springframework\boot\spring-boot-autoconfigure\3.2.3\spring-boot-autoconfigure-3.2.3.jar;C:\Users\Hasmithan\.m2\repository\org\springframework\boot\spring-boot-starter-logging\3.2.3\spring-boot-starter-logging-3.2.3.jar;C:\Users\Hasmithan\.m2\repository\ch\qos\logback\logback-classic\1.4.14\logback-classic-1.4.14.jar;C:\Users\Hasmithan\.m2\repository\ch\qos\logback\logback-core\1.4.14\logback-core-1.4.14.jar;C:\Users\Hasmithan\.m2\repository\org\apache\logging\log4j\log4j-to-slf4j\2.21.1\log4j-to-slf4j-2.21.1.jar;C:\Users\Hasmithan\.m2\repository\org\apache\logging\log4j\log4j-api\2.21.1\log4j-api-2.21.1.jar;C:\Users\Hasmithan\.m2\repository\org\slf4j\jul-to-slf4j\2.0.12\jul-to-slf4j-2.0.12.jar;C:\Users\Hasmithan\.m2\repository\jakarta\annotation\jakarta.annotation-api\2.1.1\jakarta.annotation-api-2.1.1.jar;C:\Users\Hasmithan\.m2\repository\org\yaml\snakeyaml\2.2\snakeyaml-2.2.jar;C:\Users\Hasmithan\.m2\repository\org\springframework\boot\spring-boot-starter-json\3.2.3\spring-boot-starter-json-3.2.3.jar;C:\Users\Hasmithan\.m2\repository\com\fasterxml\jackson\core\jackson-databind\2.15.4\jackson-databind-2.15.4.jar;C:\Users\Hasmithan\.m2\repository\com\fasterxml\jackson\core\jackson-annotations\2.15.4\jackson-annotations-2.15.4.jar;C:\Users\Hasmithan\.m2\repository\com\fasterxml\jackson\core\jackson-core\2.15.4\jackson-core-2.15.4.jar;C:\Users\Hasmithan\.m2\repository\com\fasterxml\jackson\datatype\jackson-datatype-jdk8\2.15.4\jackson-datatype-jdk8-2.15.4.jar;C:\Users\Hasmithan\.m2\repository\com\fasterxml\jackson\datatype\jackson-datatype-jsr310\2.15.4\jackson-datatype-jsr310-2.15.4.jar;C:\Users\Hasmithan\.m2\repository\com\fasterxml\jackson\module\jackson-module-parameter-names\2.15.4\jackson-module-parameter-names-2.15.4.jar;C:\Users\Hasmithan\.m2\repository\org\springframework\boot\spring-boot-starter-tomcat\3.2.3\spring-boot-starter-tomcat-3.2.3.jar;C:\Users\Hasmithan\.m2\repository\org\apache\tomcat\embed\tomcat-embed-core\10.1.19\tomcat-embed-core-10.1.19.jar;C:\Users\Hasmithan\.m2\repository\org\apache\tomcat\embed\tomcat-embed-el\10.1.19\tomcat-embed-el-10.1.19.jar;C:\Users\Hasmithan\.m2\repository\org\apache\tomcat\embed\tomcat-embed-websocket\10.1.19\tomcat-embed-websocket-10.1.19.jar;C:\Users\Hasmithan\.m2\repository\org\springframework\spring-web\6.1.4\spring-web-6.1.4.jar;C:\Users\Hasmithan\.m2\repository\org\springframework\spring-beans\6.1.4\spring-beans-6.1.4.jar;C:\Users\Hasmithan\.m2\repository\io\micrometer\micrometer-observation\1.12.3\micrometer-observation-1.12.3.jar;C:\Users\Hasmithan\.m2\repository\io\micrometer\micrometer-commons\1.12.3\micrometer-commons-1.12.3.jar;C:\Users\Hasmithan\.m2\repository\org\springframework\spring-webmvc\6.1.4\spring-webmvc-6.1.4.jar;C:\Users\Hasmithan\.m2\repository\org\springframework\spring-aop\6.1.4\spring-aop-6.1.4.jar;C:\Users\Hasmithan\.m2\repository\org\springframework\spring-context\6.1.4\spring-context-6.1.4.jar;C:\Users\Hasmithan\.m2\repository\org\springframework\spring-expression\6.1.4\spring-expression-6.1.4.jar;C:\Users\Hasmithan\.m2\repository\org\slf4j\slf4j-api\2.0.12\slf4j-api-2.0.12.jar;C:\Users\Hasmithan\.m2\repository\jakarta\xml\bind\jakarta.xml.bind-api\4.0.1\jakarta.xml.bind-api-4.0.1.jar;C:\Users\Hasmithan\.m2\repository\jakarta\activation\jakarta.activation-api\2.1.2\jakarta.activation-api-2.1.2.jar;C:\Users\Hasmithan\.m2\repository\net\bytebuddy\byte-buddy\1.14.12\byte-buddy-1.14.12.jar;C:\Users\Hasmithan\.m2\repository\org\springframework\spring-core\6.1.4\spring-core-6.1.4.jar;C:\Users\Hasmithan\.m2\repository\org\springframework\spring-jcl\6.1.4\spring-jcl-6.1.4.jar;C:\Users\Hasmithan\.m2\repository\org\springframework\boot\spring-boot-starter-data-jpa\3.2.3\spring-boot-starter-data-jpa-3.2.3.jar;C:\Users\Hasmithan\.m2\repository\org\springframework\boot\spring-boot-starter-aop\3.2.3\spring-boot-starter-aop-3.2.3.jar;C:\Users\Hasmithan\.m2\repository\org\aspectj\aspectjweaver\1.9.21\aspectjweaver-1.9.21.jar;C:\Users\Hasmithan\.m2\repository\org\springframework\boot\spring-boot-starter-jdbc\3.2.3\spring-boot-starter-jdbc-3.2.3.jar;C:\Users\Hasmithan\.m2\repository\com\zaxxer\HikariCP\5.0.1\HikariCP-5.0.1.jar;C:\Users\Hasmithan\.m2\repository\org\springframework\spring-jdbc\6.1.4\spring-jdbc-6.1.4.jar;C:\Users\Hasmithan\.m2\repository\org\hibernate\orm\hibernate-core\6.4.4.Final\hibernate-core-6.4.4.Final.jar;C:\Users\Hasmithan\.m2\repository\jakarta\persistence\jakarta.persistence-api\3.1.0\jakarta.persistence-api-3.1.0.jar;C:\Users\Hasmithan\.m2\repository\jakarta\transaction\jakarta.transaction-api\2.0.1\jakarta.transaction-api-2.0.1.jar;C:\Users\Hasmithan\.m2\repository\org\jboss\logging\jboss-logging\3.5.3.Final\jboss-logging-3.5.3.Final.jar;C:\Users\Hasmithan\.m2\repository\org\hibernate\common\hibernate-commons-annotations\6.0.6.Final\hibernate-commons-annotations-6.0.6.Final.jar;C:\Users\Hasmithan\.m2\repository\io\smallrye\jandex\3.1.2\jandex-3.1.2.jar;C:\Users\Hasmithan\.m2\repository\com\fasterxml\classmate\1.6.0\classmate-1.6.0.jar;C:\Users\Hasmithan\.m2\repository\org\glassfish\jaxb\jaxb-runtime\4.0.4\jaxb-runtime-4.0.4.jar;C:\Users\Hasmithan\.m2\repository\org\glassfish\jaxb\jaxb-core\4.0.4\jaxb-core-4.0.4.jar;C:\Users\Hasmithan\.m2\repository\org\eclipse\angus\angus-activation\2.0.1\angus-activation-2.0.1.jar;C:\Users\Hasmithan\.m2\repository\org\glassfish\jaxb\txw2\4.0.4\txw2-4.0.4.jar;C:\Users\Hasmithan\.m2\repository\com\sun\istack\istack-commons-runtime\4.1.2\istack-commons-runtime-4.1.2.jar;C:\Users\Hasmithan\.m2\repository\jakarta\inject\jakarta.inject-api\2.0.1\jakarta.inject-api-2.0.1.jar;C:\Users\Hasmithan\.m2\repository\org\antlr\antlr4-runtime\4.13.0\antlr4-runtime-4.13.0.jar;C:\Users\Hasmithan\.m2\repository\org\springframework\data\spring-data-jpa\3.2.3\spring-data-jpa-3.2.3.jar;C:\Users\Hasmithan\.m2\repository\org\springframework\data\spring-data-commons\3.2.3\spring-data-commons-3.2.3.jar;C:\Users\Hasmithan\.m2\repository\org\springframework\spring-orm\6.1.4\spring-orm-6.1.4.jar;C:\Users\Hasmithan\.m2\repository\org\springframework\spring-tx\6.1.4\spring-tx-6.1.4.jar;C:\Users\Hasmithan\.m2\repository\org\springframework\spring-aspects\6.1.4\spring-aspects-6.1.4.jar;C:\Users\Hasmithan\.m2\repository\com\mysql\mysql-connector-j\8.3.0\mysql-connector-j-8.3.0.jar;C:\Users\Hasmithan\.m2\repository\com\oracle\database\jdbc\ojdbc11\21.9.0.0\ojdbc11-21.9.0.0.jar;C:\Users\Hasmithan\.m2\repository\org\projectlombok\lombok\1.18.30\lombok-1.18.30.jar
Launcher Type: SUN_STANDARD

[Global flags]
     intx CICompilerCount                          = 2                                         {product} {ergonomic}
     uint ConcGCThreads                            = 1                                         {product} {ergonomic}
     uint G1ConcRefinementThreads                  = 2                                         {product} {ergonomic}
   size_t G1HeapRegionSize                         = 1048576                                   {product} {ergonomic}
    uintx GCDrainStackTargetSize                   = 64                                        {product} {ergonomic}
   size_t InitialHeapSize                          = 132120576                                 {product} {ergonomic}
   size_t MarkStackSize                            = 4194304                                   {product} {ergonomic}
   size_t MaxHeapSize                              = 2101346304                                {product} {ergonomic}
   size_t MaxNewSize                               = 1260388352                                {product} {ergonomic}
   size_t MinHeapDeltaBytes                        = 1048576                                   {product} {ergonomic}
   size_t MinHeapSize                              = 8388608                                   {product} {ergonomic}
    uintx NonNMethodCodeHeapSize                   = 5826188                                {pd product} {ergonomic}
    uintx NonProfiledCodeHeapSize                  = 122916026                              {pd product} {ergonomic}
    uintx ProfiledCodeHeapSize                     = 122916026                              {pd product} {ergonomic}
    uintx ReservedCodeCacheSize                    = 251658240                              {pd product} {ergonomic}
     bool SegmentedCodeCache                       = true                                      {product} {ergonomic}
   size_t SoftMaxHeapSize                          = 2101346304                             {manageable} {ergonomic}
     bool UseCompressedClassPointers               = true                           {product lp64_product} {ergonomic}
     bool UseCompressedOops                        = true                           {product lp64_product} {ergonomic}
     bool UseG1GC                                  = true                                      {product} {ergonomic}
     bool UseLargePagesIndividualAllocation        = false                                  {pd product} {ergonomic}

Logging:
Log output configuration:
 #0: stdout all=warning uptime,level,tags foldmultilines=false
 #1: stderr all=off uptime,level,tags foldmultilines=false

Environment Variables:
PATH=C:\Program Files\Common Files\Oracle\Java\javapath;C:\Python310\Scripts\;C:\Python310\;C:\WINDOWS\system32;C:\WINDOWS;C:\WINDOWS\System32\Wbem;C:\WINDOWS\System32\WindowsPowerShell\v1.0\;C:\WINDOWS\System32\OpenSSH\;C:\Program Files\Git\cmd;C:\Program Files\Microsoft SQL Server\130\Tools\Binn\;C:\Program Files\Microsoft SQL Server\Client SDK\ODBC\170\Tools\Binn\;C:\Program Files\nodejs\;C:\Program Files\MySQL\MySQL Shell 8.0\bin\;C:\Users\Hasmithan\AppData\Local\Microsoft\WindowsApps;;C:\Users\Hasmithan\AppData\Local\Programs\Microsoft VS Code\bin;C:\Users\Hasmithan\AppData\Roaming\npm
USERNAME=Hasmithan
OS=Windows_NT
PROCESSOR_IDENTIFIER=Intel64 Family 6 Model 122 Stepping 8, GenuineIntel
TMP=C:\Users\HASMIT~1\AppData\Local\Temp
TEMP=C:\Users\HASMIT~1\AppData\Local\Temp




---------------  S Y S T E M  ---------------

OS:
 Windows 11 , 64 bit Build 22621 (10.0.22621.3085)
OS uptime: 1 days 12:01 hours

CPU: total 2 (initial active 2) (2 cores per cpu, 1 threads per core) family 6 model 122 stepping 8 microcode 0x18, cx8, cmov, fxsr, mmx, 3dnowpref, sse, sse2, sse3, ssse3, sse4.1, sse4.2, popcnt, tsc, tscinvbit, aes, erms, clmul, sha, clflush, clflushopt, rdtscp, rdpid

Memory: 4k page, system-wide physical 8014M (543M free)
TotalPageFile size 12110M (AvailPageFile size 120M)
current process WorkingSet (physical memory assigned to process): 150M, peak: 164M
current process commit charge ("private bytes"): 178M, peak: 244M

vm_info: Java HotSpot(TM) 64-Bit Server VM (20.0.1+9-29) for windows-amd64 JRE (20.0.1+9-29), built on 2023-03-07T13:56:11Z by "mach5one" with MS VC++ 17.1 (VS2022)

END.
